<?xml version="1.0" encoding="UTF-8"?>
<!-- Generated by org.testng.reporters.JUnitXMLReporter -->
<testsuite ignored="2" hostname="ESPL-0124-08" failures="0" tests="2" name="Smoke Tests" time="0.048" errors="0" timestamp="2026-01-13T16:32:40 IST">
  <testcase classname="basic.Groupingelemet" name="t1" time="0.007"/>
  <testcase classname="basic.Groupingelemet" name="t4" time="0.0"/>
  <testcase classname="basic.Groupingelemet" name="t3" time="0.0">
    <ignored/>
  </testcase> <!-- t3 -->
  <testcase classname="basic.Groupingelemet" name="t2" time="0.0">
    <ignored/>
  </testcase> <!-- t2 -->
</testsuite> <!-- Smoke Tests -->
