<?xml version="1.0" encoding="UTF-8"?>
<!-- Generated by org.testng.reporters.JUnitReportReporter -->
<testsuite hostname="ESPL-0124-08" failures="0" tests="2" name="useofdataprovider.CreateTestusingdp" time="0.006" errors="0" timestamp="2026-01-14T12:44:13 IST" skipped="0">
  <testcase classname="useofdataprovider.CreateTestusingdp" name="createSTRTest" time="0.001"/>
  <testcase classname="useofdataprovider.CreateTestusingdp" name="createSTRTest" time="0.005"/>
</testsuite> <!-- useofdataprovider.CreateTestusingdp -->
