<?xml version="1.0" encoding="UTF-8"?>
<!-- Generated by org.testng.reporters.JUnitReportReporter -->
<testsuite hostname="ESPL-0124-08" failures="0" tests="3" name="testngandall.priority" time="0.010" errors="0" timestamp="2026-01-12T17:59:15 IST" skipped="0">
  <testcase classname="testngandall.priority" name="addToCart" time="0.007"/>
  <testcase classname="testngandall.priority" name="login" time="0.001"/>
  <testcase classname="testngandall.priority" name="payment" time="0.002"/>
</testsuite> <!-- testngandall.priority -->
