<?xml version="1.0" encoding="UTF-8"?>
<testng-results ignored="0" total="1" passed="1" failed="0" skipped="0">
  <reporter-output>
  </reporter-output>
  <suite started-at="2026-01-16T15:31:18 IST" name="Default suite" finished-at="2026-01-16T15:31:22 IST" duration-ms="4078">
    <groups>
    </groups>
    <test started-at="2026-01-16T15:31:18 IST" name="Default test" finished-at="2026-01-16T15:31:22 IST" duration-ms="4078">
      <class name="test.logintest">
        <test-method is-config="true" signature="setup()[pri:0, instance:test.logintest@aba625]" started-at="2026-01-16T15:31:18 IST" name="setup" finished-at="2026-01-16T15:31:22 IST" duration-ms="3694" status="PASS">
          <reporter-output>
          </reporter-output>
        </test-method> <!-- setup -->
        <test-method signature="verifyLoginWithNumber()[pri:0, instance:test.logintest@aba625]" started-at="2026-01-16T15:31:22 IST" name="verifyLoginWithNumber" finished-at="2026-01-16T15:31:22 IST" duration-ms="196" status="PASS">
          <reporter-output>
          </reporter-output>
        </test-method> <!-- verifyLoginWithNumber -->
        <test-method is-config="true" signature="teardown()[pri:0, instance:test.logintest@aba625]" started-at="2026-01-16T15:31:22 IST" name="teardown" finished-at="2026-01-16T15:31:22 IST" duration-ms="150" status="PASS">
          <reporter-output>
          </reporter-output>
        </test-method> <!-- teardown -->
      </class> <!-- test.logintest -->
    </test> <!-- Default test -->
  </suite> <!-- Default suite -->
</testng-results>
